<?xml version="1.0" encoding="utf-8"?>
<TestRun id="two-failed-integration" name="two-failed" xmlns="http://microsoft.com/schemas/VisualStudio/TeamTest/2010">
  <Times creation="2026-05-24T12:00:05.0000000+00:00" queuing="2026-05-24T12:00:05.0000000+00:00" start="2026-05-24T12:00:05.0000000+00:00" finish="2026-05-24T12:00:08.0000000+00:00" />
  <Results>
    <UnitTestResult testName="Integration.Test1" outcome="Passed" />
    <UnitTestResult testName="Integration.Test2" outcome="Passed" />
    <UnitTestResult testName="Integration.Test3" outcome="Passed" />
  </Results>
  <ResultSummary outcome="Completed">
    <Counters total="3" executed="3" passed="3" failed="0" error="0" timeout="0" aborted="0" inconclusive="0" passedButRunAborted="0" notRunnable="0" notExecuted="0" disconnected="0" warning="0" completed="0" inProgress="0" pending="0" />
  </ResultSummary>
</TestRun>
